<?xml version="1.0" encoding="UTF-8"?>
<!-- Generated by org.testng.reporters.JUnitReportReporter -->
<testsuite hostname="Yuvalp" name="NirTheKing" tests="1" failures="0" timestamp="5 Oct 2017 13:03:34 GMT" time="0.000" errors="0">
  <testcase name="NirIsTheKing" time="0.000" classname="NirTheKing"/>
</testsuite>
