<?xml version="1.0" encoding="UTF-8"?>
<!-- Generated by org.testng.reporters.JUnitReportReporter -->
<testsuite hostname="Yuvalp" name="TestMTD" tests="5" failures="0" timestamp="30 Oct 2017 18:58:18 GMT" time="97.293" errors="0">
  <testcase name="TestCheckAppManager" time="3.824" classname="TestMTD"/>
  <testcase name="TestAddNewAPPManager" time="52.520" classname="TestMTD"/>
  <testcase name="TestcheckAppManagerView" time="0.082" classname="TestMTD"/>
  <testcase name="testAllTab" time="23.063" classname="TestMTD"/>
  <testcase name="TestLogin" time="17.804" classname="TestMTD"/>
</testsuite>
